2020/09/23 s 0
2020/09/23 s 1
2020/09/23 s 2
2020/09/23 s 3
2020/09/23 s 4
2020/09/23 s 5
2020/09/23 s 6
2020/09/23 s 7
2020/09/23 s 8
2020/09/23 s 9
2020/09/23 s 10
2020/09/23 s 11
2020/09/23 s 12
2020/09/23 s 13
2020/09/23 s 14
2020/09/23 s 15
2020/09/23 s 16
2020/09/23 s 17
2020/09/23 s 18
2020/09/23 s 19
2020/09/23 s 20
2020/09/23 node n 21
2020/09/23  0
2020/09/23  1
2020/09/23  2
2020/09/23  3
2020/09/23 node n 21
2020/09/23 a 0
2020/09/23 a 1
2020/09/23 a 2
2020/09/23 a 3
2020/09/23 a 4
2020/09/23 a 5
2020/09/23 a 6
2020/09/23 a 7
2020/09/23 a 8
2020/09/23 a 9
2020/09/23 a 10
2020/09/23 a 11
2020/09/23 a 12
2020/09/23 a 13
2020/09/23 a 14
2020/09/23 a 15
2020/09/23 a 16
2020/09/23 a 17
2020/09/23 a 18
2020/09/23 a 19
2020/09/23 a 20
2020/09/23 ab 0
2020/09/23 ab 1
2020/09/23 ab 2
2020/09/23 ab 3
2020/09/23 ab 4
2020/09/23 ab 5
2020/09/23 ab 6
2020/09/23 ab 7
2020/09/23 ab 8
2020/09/23 ab 9
2020/09/23 ab 10
2020/09/23 ab 11
2020/09/23 ab 12
2020/09/23 ab 13
2020/09/23 ab 14
2020/09/23 ab 15
2020/09/23 ab 16
2020/09/23 ab 17
2020/09/23 ab 18
2020/09/23 ab 19
2020/09/23 ab 20
2020/09/23 a 0
2020/09/23 a 1
2020/09/23 a 2
2020/09/23 a 3
2020/09/23 a 4
2020/09/23 a 5
2020/09/23 a 6
2020/09/23 a 7
2020/09/23 a 8
2020/09/23 a 9
2020/09/23 a 10
2020/09/23 a 11
2020/09/23 a 12
2020/09/23 a 13
2020/09/23 a 14
2020/09/23 a 15
2020/09/23 a 16
2020/09/23 a 17
2020/09/23 a 18
2020/09/23 a 19
2020/09/23 a 20
2020/09/23 a 0
2020/09/23 a 1
2020/09/23 a 2
2020/09/23 a 3
2020/09/23 a 4
2020/09/23 a 5
2020/09/23 a 6
2020/09/23 a 7
2020/09/23 a 8
2020/09/23 a 9
2020/09/23 a 10
2020/09/23 a 11
2020/09/23 a 12
2020/09/23 a 13
2020/09/23 a 14
2020/09/23 a 15
2020/09/23 a 16
2020/09/23 a 17
2020/09/23 a 18
2020/09/23 a 19
2020/09/23 a 20
2020/09/23 a c 0
2020/09/23 a c 1
2020/09/23 a c 2
2020/09/23 a c 3
2020/09/23 a c 4
2020/09/23 a c 5
2020/09/23 a c 6
2020/09/23 a c 7
2020/09/23 a c 8
2020/09/23 a c 9
2020/09/23 a c 10
2020/09/23 a c 11
2020/09/23 a c 12
2020/09/23 a c 13
2020/09/23 a c 14
2020/09/23 a c 15
2020/09/23 a c 16
2020/09/23 a c 17
2020/09/23 a c 18
2020/09/23 a c 19
2020/09/23 a c 20
2020/09/23 a 0
2020/09/23 a 1
2020/09/23 a 2
2020/09/23 a 3
2020/09/23 a 4
2020/09/23 a 5
2020/09/23 a 6
2020/09/23 a 7
2020/09/23 a 8
2020/09/23 a 9
2020/09/23 a 10
2020/09/23 a 11
2020/09/23 a 12
2020/09/23 a 13
2020/09/23 a 14
2020/09/23 a 15
2020/09/23 a 16
2020/09/23 a 17
2020/09/23 a 18
2020/09/23 a 19
2020/09/23 a 20
2020/09/23 a 0
2020/09/23 a 1
2020/09/23 a 2
2020/09/23 a 3
2020/09/23 a 4
2020/09/23 a 5
2020/09/23 a 6
2020/09/23 a 7
2020/09/23 a 8
2020/09/23 a 9
2020/09/23 a 10
2020/09/23 a 11
2020/09/23 a 12
2020/09/23 a 13
2020/09/23 a 14
2020/09/23 a 15
2020/09/23 a 16
2020/09/23 a 17
2020/09/23 a 18
2020/09/23 a 19
2020/09/23 a 20
2020/09/23 n 0
2020/09/23 n 1
2020/09/23 n 2
2020/09/23 n 3
2020/09/23 n 4
2020/09/23 n 5
2020/09/23 n 6
2020/09/23 n 7
2020/09/23 n 8
2020/09/23 n 9
2020/09/23 n 10
2020/09/23 n 11
2020/09/23 n 12
2020/09/23 n 13
2020/09/23 n 14
2020/09/23 n 15
2020/09/23 n 16
2020/09/23 n 17
2020/09/23 n 18
2020/09/23 n 19
2020/09/23 n 20
2020/09/23 na 0
2020/09/23 na 1
2020/09/23 na 2
2020/09/23 na 3
2020/09/23 na 4
2020/09/23 na 5
2020/09/23 na 6
2020/09/23 na 7
2020/09/23 na 8
2020/09/23 na 9
2020/09/23 na 10
2020/09/23 na 11
2020/09/23 na 12
2020/09/23 na 13
2020/09/23 na 14
2020/09/23 na 15
2020/09/23 na 16
2020/09/23 na 17
2020/09/23 na 18
2020/09/23 na 19
2020/09/23 na 20
2020/09/23 nat 0
2020/09/23 nat 1
2020/09/23 nat 2
2020/09/23 nat 3
2020/09/23 nat 4
2020/09/23 nat 5
2020/09/23 nat 6
2020/09/23 nat 7
2020/09/23 nat 8
2020/09/23 nat 9
2020/09/23 nat 10
2020/09/23 nat 11
2020/09/23 nat 12
2020/09/23 nat 13
2020/09/23 nat 14
2020/09/23 nat 15
2020/09/23 nat 16
2020/09/23 nat 17
2020/09/23 nat 18
2020/09/23 nat 19
2020/09/23 nat 20
2020/09/23 node n 21
2020/09/23 s 0
2020/09/23 s 1
2020/09/23 s 2
2020/09/23 s 3
2020/09/23 s 4
2020/09/23 s 5
2020/09/23 s 6
2020/09/23 s 7
2020/09/23 s 8
2020/09/23 s 9
2020/09/23 s 10
2020/09/23 s 11
2020/09/23 s 12
2020/09/23 s 13
2020/09/23 s 14
2020/09/23 s 15
2020/09/23 s 16
2020/09/23 s 17
2020/09/23 s 18
2020/09/23 s 19
2020/09/23 s 20
2020/09/23 t 0
2020/09/23 t 1
2020/09/23 t 2
2020/09/23 t 3
2020/09/23 t 4
2020/09/23 t 5
2020/09/23 t 6
2020/09/23 t 7
2020/09/23 t 8
2020/09/23 t 9
2020/09/23 t 10
2020/09/23 t 11
2020/09/23 t 12
2020/09/23 t 13
2020/09/23 t 14
2020/09/23 t 15
2020/09/23 t 16
2020/09/23 t 17
2020/09/23 t 18
2020/09/23 t 19
2020/09/23 t 20
2020/09/23 te 0
2020/09/23 te 1
2020/09/23 te 2
2020/09/23 te 3
2020/09/23 te 4
2020/09/23 te 5
2020/09/23 te 6
2020/09/23 te 7
2020/09/23 te 8
2020/09/23 te 9
2020/09/23 te 10
2020/09/23 te 11
2020/09/23 te 12
2020/09/23 te 13
2020/09/23 te 14
2020/09/23 te 15
2020/09/23 te 16
2020/09/23 te 17
2020/09/23 te 18
2020/09/23 te 19
2020/09/23 te 20
2020/09/23 tes 0
2020/09/23 tes 1
2020/09/23 tes 2
2020/09/23 tes 3
2020/09/23 tes 4
2020/09/23 tes 5
2020/09/23 tes 6
2020/09/23 tes 7
2020/09/23 tes 8
2020/09/23 tes 9
2020/09/23 tes 10
2020/09/23 tes 11
2020/09/23 tes 12
2020/09/23 tes 13
2020/09/23 tes 14
2020/09/23 tes 15
2020/09/23 tes 16
2020/09/23 tes 17
2020/09/23 tes 18
2020/09/23 tes 19
2020/09/23 tes 20
2020/09/23 test 0
2020/09/23 test 1
2020/09/23 test 2
2020/09/23 test 3
2020/09/23 test 4
2020/09/23 test 5
2020/09/23 test 6
2020/09/23 test 7
2020/09/23 test 8
2020/09/23 test 9
2020/09/23 test 10
2020/09/23 test 11
2020/09/23 test 12
2020/09/23 test 13
2020/09/23 test 14
2020/09/23 test 15
2020/09/23 test 16
2020/09/23 test 17
2020/09/23 test 18
2020/09/23 test 19
2020/09/23 test 20
2020/09/23 test3 0
2020/09/23 test3 1
2020/09/23 test3 2
2020/09/23 test3 3
2020/09/23 test3 4
2020/09/23 test3 5
2020/09/23 test3 6
2020/09/23 test3 7
2020/09/23 test3 8
2020/09/23 test3 9
2020/09/23 test3 10
2020/09/23 test3 11
2020/09/23 test3 12
2020/09/23 test3 13
2020/09/23 test3 14
2020/09/23 test3 15
2020/09/23 test3 16
2020/09/23 test3 17
2020/09/23 test3 18
2020/09/23 test3 19
2020/09/23 test3 20
2020/09/23 test 0
2020/09/23 test 1
2020/09/23 test 2
2020/09/23 test 3
2020/09/23 test 4
2020/09/23 test 5
2020/09/23 test 6
2020/09/23 test 7
2020/09/23 test 8
2020/09/23 test 9
2020/09/23 test 10
2020/09/23 test 11
2020/09/23 test 12
2020/09/23 test 13
2020/09/23 test 14
2020/09/23 test 15
2020/09/23 test 16
2020/09/23 test 17
2020/09/23 test 18
2020/09/23 test 19
2020/09/23 test 20
2020/09/23 test2 0
2020/09/23 test2 1
2020/09/23 test2 2
2020/09/23 test2 3
2020/09/23 test2 4
2020/09/23 test2 5
2020/09/23 test2 6
2020/09/23 test2 7
2020/09/23 test2 8
2020/09/23 test2 9
2020/09/23 test2 10
2020/09/23 test2 11
2020/09/23 test2 12
2020/09/23 test2 13
2020/09/23 test2 14
2020/09/23 test2 15
2020/09/23 test2 16
2020/09/23 test2 17
2020/09/23 test2 18
2020/09/23 test2 19
2020/09/23 test2 20
2020/09/23 test 0
2020/09/23 test 1
2020/09/23 test 2
2020/09/23 test 3
2020/09/23 test 4
2020/09/23 test 5
2020/09/23 test 6
2020/09/23 test 7
2020/09/23 test 8
2020/09/23 test 9
2020/09/23 test 10
2020/09/23 test 11
2020/09/23 test 12
2020/09/23 test 13
2020/09/23 test 14
2020/09/23 test 15
2020/09/23 test 16
2020/09/23 test 17
2020/09/23 test 18
2020/09/23 test 19
2020/09/23 test 20
2020/09/23 test 0
2020/09/23 test 1
2020/09/23 test 2
2020/09/23 test 3
2020/09/23 test 4
2020/09/23 test 5
2020/09/23 test 6
2020/09/23 test 7
2020/09/23 test 8
2020/09/23 test 9
2020/09/23 test 10
2020/09/23 test 11
2020/09/23 test 12
2020/09/23 test 13
2020/09/23 test 14
2020/09/23 test 15
2020/09/23 test 16
2020/09/23 test 17
2020/09/23 test 18
2020/09/23 test 19
2020/09/23 test 20
2020/09/23 test 2 0
2020/09/23 test 2 1
2020/09/23 test 2 2
2020/09/23 test 2 3
2020/09/23 test 2 4
2020/09/23 test 2 5
2020/09/23 test 2 6
2020/09/23 test 2 7
2020/09/23 test 2 8
2020/09/23 test 2 9
2020/09/23 test 2 10
2020/09/23 test 2 11
2020/09/23 test 2 12
2020/09/23 test 2 13
2020/09/23 test 2 14
2020/09/23 test 2 15
2020/09/23 test 2 16
2020/09/23 test 2 17
2020/09/23 test 2 18
2020/09/23 test 2 19
2020/09/23 test 2 20
2020/09/23 test 23 0
2020/09/23 test 23 1
2020/09/23 test 23 2
2020/09/23 test 23 3
2020/09/23 test 23 4
2020/09/23 test 23 5
2020/09/23 test 23 6
2020/09/23 test 23 7
2020/09/23 test 23 8
2020/09/23 test 23 9
2020/09/23 test 23 10
2020/09/23 test 23 11
2020/09/23 test 23 12
2020/09/23 test 23 13
2020/09/23 test 23 14
2020/09/23 test 23 15
2020/09/23 test 23 16
2020/09/23 test 23 17
2020/09/23 test 23 18
2020/09/23 test 23 19
2020/09/23 test 23 20
2020/09/23 test 236 0
2020/09/23 test 236 1
2020/09/23 test 236 2
2020/09/23 test 236 3
2020/09/23 test 236 4
2020/09/23 test 236 5
2020/09/23 test 236 6
2020/09/23 test 236 7
2020/09/23 test 236 8
2020/09/23 test 236 9
2020/09/23 test 236 10
2020/09/23 test 236 11
2020/09/23 test 236 12
2020/09/23 test 236 13
2020/09/23 test 236 14
2020/09/23 test 236 15
2020/09/23 test 236 16
2020/09/23 test 236 17
2020/09/23 test 236 18
2020/09/23 test 236 19
2020/09/23 test 236 20
2020/09/23 node n 21
2020/09/23 t 0
2020/09/23 t 1
2020/09/23 t 2
2020/09/23 t 3
2020/09/23 t 4
2020/09/23 t 5
2020/09/23 t 6
2020/09/23 t 7
2020/09/23 t 8
2020/09/23 t 9
2020/09/23 t 10
2020/09/23 t 11
2020/09/23 t 12
2020/09/23 t 13
2020/09/23 t 14
2020/09/23 t 15
2020/09/23 t 16
2020/09/23 t 17
2020/09/23 t 18
2020/09/23 t 19
2020/09/23 t 20
2020/09/23 te 0
2020/09/23 te 1
2020/09/23 te 2
2020/09/23 te 3
2020/09/23 te 4
2020/09/23 te 5
2020/09/23 te 6
2020/09/23 te 7
2020/09/23 te 8
2020/09/23 te 9
2020/09/23 te 10
2020/09/23 te 11
2020/09/23 te 12
2020/09/23 te 13
2020/09/23 te 14
2020/09/23 te 15
2020/09/23 te 16
2020/09/23 te 17
2020/09/23 te 18
2020/09/23 te 19
2020/09/23 te 20
2020/09/23 tes 0
2020/09/23 tes 1
2020/09/23 tes 2
2020/09/23 tes 3
2020/09/23 tes 4
2020/09/23 tes 5
2020/09/23 tes 6
2020/09/23 tes 7
2020/09/23 tes 8
2020/09/23 tes 9
2020/09/23 tes 10
2020/09/23 tes 11
2020/09/23 tes 12
2020/09/23 tes 13
2020/09/23 tes 14
2020/09/23 tes 15
2020/09/23 tes 16
2020/09/23 tes 17
2020/09/23 tes 18
2020/09/23 tes 19
2020/09/23 tes 20
2020/09/23 tes 0
2020/09/23 tes 1
2020/09/23 tes 2
2020/09/23 tes 3
2020/09/23 tes 4
2020/09/23 tes 5
2020/09/23 tes 6
2020/09/23 tes 7
2020/09/23 tes 8
2020/09/23 tes 9
2020/09/23 tes 10
2020/09/23 tes 11
2020/09/23 tes 12
2020/09/23 tes 13
2020/09/23 tes 14
2020/09/23 tes 15
2020/09/23 tes 16
2020/09/23 tes 17
2020/09/23 tes 18
2020/09/23 tes 19
2020/09/23 tes 20
2020/09/23 tes 3 0
2020/09/23 tes 3 1
2020/09/23 tes 3 2
2020/09/23 tes 3 3
2020/09/23 tes 3 4
2020/09/23 tes 3 5
2020/09/23 tes 3 6
2020/09/23 tes 3 7
2020/09/23 tes 3 8
2020/09/23 tes 3 9
2020/09/23 tes 3 10
2020/09/23 tes 3 11
2020/09/23 tes 3 12
2020/09/23 tes 3 13
2020/09/23 tes 3 14
2020/09/23 tes 3 15
2020/09/23 tes 3 16
2020/09/23 tes 3 17
2020/09/23 tes 3 18
2020/09/23 tes 3 19
2020/09/23 tes 3 20
2020/09/23 tes 0
2020/09/23 tes 1
2020/09/23 tes 2
2020/09/23 tes 3
2020/09/23 tes 4
2020/09/23 tes 5
2020/09/23 tes 6
2020/09/23 tes 7
2020/09/23 tes 8
2020/09/23 tes 9
2020/09/23 tes 10
2020/09/23 tes 11
2020/09/23 tes 12
2020/09/23 tes 13
2020/09/23 tes 14
2020/09/23 tes 15
2020/09/23 tes 16
2020/09/23 tes 17
2020/09/23 tes 18
2020/09/23 tes 19
2020/09/23 tes 20
2020/09/23 tes 2 0
2020/09/23 tes 2 1
2020/09/23 tes 2 2
2020/09/23 tes 2 3
2020/09/23 tes 2 4
2020/09/23 tes 2 5
2020/09/23 tes 2 6
2020/09/23 tes 2 7
2020/09/23 tes 2 8
2020/09/23 tes 2 9
2020/09/23 tes 2 10
2020/09/23 tes 2 11
2020/09/23 tes 2 12
2020/09/23 tes 2 13
2020/09/23 tes 2 14
2020/09/23 tes 2 15
2020/09/23 tes 2 16
2020/09/23 tes 2 17
2020/09/23 tes 2 18
2020/09/23 tes 2 19
2020/09/23 tes 2 20
2020/09/23 tes 23 0
2020/09/23 tes 23 1
2020/09/23 tes 23 2
2020/09/23 tes 23 3
2020/09/23 tes 23 4
2020/09/23 tes 23 5
2020/09/23 tes 23 6
2020/09/23 tes 23 7
2020/09/23 tes 23 8
2020/09/23 tes 23 9
2020/09/23 tes 23 10
2020/09/23 tes 23 11
2020/09/23 tes 23 12
2020/09/23 tes 23 13
2020/09/23 tes 23 14
2020/09/23 tes 23 15
2020/09/23 tes 23 16
2020/09/23 tes 23 17
2020/09/23 tes 23 18
2020/09/23 tes 23 19
2020/09/23 tes 23 20
2020/09/23 tes 236 0
2020/09/23 tes 236 1
2020/09/23 tes 236 2
2020/09/23 tes 236 3
2020/09/23 tes 236 4
2020/09/23 tes 236 5
2020/09/23 tes 236 6
2020/09/23 tes 236 7
2020/09/23 tes 236 8
2020/09/23 tes 236 9
2020/09/23 tes 236 10
2020/09/23 tes 236 11
2020/09/23 tes 236 12
2020/09/23 tes 236 13
2020/09/23 tes 236 14
2020/09/23 tes 236 15
2020/09/23 tes 236 16
2020/09/23 tes 236 17
2020/09/23 tes 236 18
2020/09/23 tes 236 19
2020/09/23 tes 236 20
2020/09/23 tes 23 0
2020/09/23 tes 23 1
2020/09/23 tes 23 2
2020/09/23 tes 23 3
2020/09/23 tes 23 4
2020/09/23 tes 23 5
2020/09/23 tes 23 6
2020/09/23 tes 23 7
2020/09/23 tes 23 8
2020/09/23 tes 23 9
2020/09/23 tes 23 10
2020/09/23 tes 23 11
2020/09/23 tes 23 12
2020/09/23 tes 23 13
2020/09/23 tes 23 14
2020/09/23 tes 23 15
2020/09/23 tes 23 16
2020/09/23 tes 23 17
2020/09/23 tes 23 18
2020/09/23 tes 23 19
2020/09/23 tes 23 20
2020/09/23 tes 2 0
2020/09/23 tes 2 1
2020/09/23 tes 2 2
2020/09/23 tes 2 3
2020/09/23 tes 2 4
2020/09/23 tes 2 5
2020/09/23 tes 2 6
2020/09/23 tes 2 7
2020/09/23 tes 2 8
2020/09/23 tes 2 9
2020/09/23 tes 2 10
2020/09/23 tes 2 11
2020/09/23 tes 2 12
2020/09/23 tes 2 13
2020/09/23 tes 2 14
2020/09/23 tes 2 15
2020/09/23 tes 2 16
2020/09/23 tes 2 17
2020/09/23 tes 2 18
2020/09/23 tes 2 19
2020/09/23 tes 2 20
2020/09/23 tes 0
2020/09/23 tes 1
2020/09/23 tes 2
2020/09/23 tes 3
2020/09/23 tes 4
2020/09/23 tes 5
2020/09/23 tes 6
2020/09/23 tes 7
2020/09/23 tes 8
2020/09/23 tes 9
2020/09/23 tes 10
2020/09/23 tes 11
2020/09/23 tes 12
2020/09/23 tes 13
2020/09/23 tes 14
2020/09/23 tes 15
2020/09/23 tes 16
2020/09/23 tes 17
2020/09/23 tes 18
2020/09/23 tes 19
2020/09/23 tes 20
2020/09/23 tes 0
2020/09/23 tes 1
2020/09/23 tes 2
2020/09/23 tes 3
2020/09/23 tes 4
2020/09/23 tes 5
2020/09/23 tes 6
2020/09/23 tes 7
2020/09/23 tes 8
2020/09/23 tes 9
2020/09/23 tes 10
2020/09/23 tes 11
2020/09/23 tes 12
2020/09/23 tes 13
2020/09/23 tes 14
2020/09/23 tes 15
2020/09/23 tes 16
2020/09/23 tes 17
2020/09/23 tes 18
2020/09/23 tes 19
2020/09/23 tes 20
2020/09/23 test 0
2020/09/23 test 1
2020/09/23 test 2
2020/09/23 test 3
2020/09/23 test 4
2020/09/23 test 5
2020/09/23 test 6
2020/09/23 test 7
2020/09/23 test 8
2020/09/23 test 9
2020/09/23 test 10
2020/09/23 test 11
2020/09/23 test 12
2020/09/23 test 13
2020/09/23 test 14
2020/09/23 test 15
2020/09/23 test 16
2020/09/23 test 17
2020/09/23 test 18
2020/09/23 test 19
2020/09/23 test 20
2020/09/23 test 0
2020/09/23 test 1
2020/09/23 test 2
2020/09/23 test 3
2020/09/23 test 4
2020/09/23 test 5
2020/09/23 test 6
2020/09/23 test 7
2020/09/23 test 8
2020/09/23 test 9
2020/09/23 test 10
2020/09/23 test 11
2020/09/23 test 12
2020/09/23 test 13
2020/09/23 test 14
2020/09/23 test 15
2020/09/23 test 16
2020/09/23 test 17
2020/09/23 test 18
2020/09/23 test 19
2020/09/23 test 20
2020/09/23 test 2 0
2020/09/23 test 2 1
2020/09/23 test 2 2
2020/09/23 test 2 3
2020/09/23 test 2 4
2020/09/23 test 2 5
2020/09/23 test 2 6
2020/09/23 test 2 7
2020/09/23 test 2 8
2020/09/23 test 2 9
2020/09/23 test 2 10
2020/09/23 test 2 11
2020/09/23 test 2 12
2020/09/23 test 2 13
2020/09/23 test 2 14
2020/09/23 test 2 15
2020/09/23 test 2 16
2020/09/23 test 2 17
2020/09/23 test 2 18
2020/09/23 test 2 19
2020/09/23 test 2 20
2020/09/23 test 23 0
2020/09/23 test 23 1
2020/09/23 test 23 2
2020/09/23 test 23 3
2020/09/23 test 23 4
2020/09/23 test 23 5
2020/09/23 test 23 6
2020/09/23 test 23 7
2020/09/23 test 23 8
2020/09/23 test 23 9
2020/09/23 test 23 10
2020/09/23 test 23 11
2020/09/23 test 23 12
2020/09/23 test 23 13
2020/09/23 test 23 14
2020/09/23 test 23 15
2020/09/23 test 23 16
2020/09/23 test 23 17
2020/09/23 test 23 18
2020/09/23 test 23 19
2020/09/23 test 23 20
2020/09/23 node n 21
2020/09/23 node n 21
2020/09/23 node n 21
2020/09/23 node n 21
2020/09/23 node n 21
2020/09/23 node n 21
2020/09/23 node n 21
2020/09/23 node n 21
2020/09/23 node n 21
2020/09/23 node n 21
2020/09/23 node n 21
2020/09/23 t 0
2020/09/23 t 1
2020/09/23 t 2
2020/09/23 t 3
2020/09/23 t 4
2020/09/23 t 5
2020/09/23 t 6
2020/09/23 t 7
2020/09/23 t 8
2020/09/23 t 9
2020/09/23 t 10
2020/09/23 t 11
2020/09/23 t 12
2020/09/23 t 13
2020/09/23 t 14
2020/09/23 t 15
2020/09/23 t 16
2020/09/23 t 17
2020/09/23 t 18
2020/09/23 t 19
2020/09/23 t 20
2020/09/23 te 0
2020/09/23 te 1
2020/09/23 te 2
2020/09/23 te 3
2020/09/23 te 4
2020/09/23 te 5
2020/09/23 te 6
2020/09/23 te 7
2020/09/23 te 8
2020/09/23 te 9
2020/09/23 te 10
2020/09/23 te 11
2020/09/23 te 12
2020/09/23 te 13
2020/09/23 te 14
2020/09/23 te 15
2020/09/23 te 16
2020/09/23 te 17
2020/09/23 te 18
2020/09/23 te 19
2020/09/23 te 20
2020/09/23 tes 0
2020/09/23 tes 1
2020/09/23 tes 2
2020/09/23 tes 3
2020/09/23 tes 4
2020/09/23 tes 5
2020/09/23 tes 6
2020/09/23 tes 7
2020/09/23 tes 8
2020/09/23 tes 9
2020/09/23 tes 10
2020/09/23 tes 11
2020/09/23 tes 12
2020/09/23 tes 13
2020/09/23 tes 14
2020/09/23 tes 15
2020/09/23 tes 16
2020/09/23 tes 17
2020/09/23 tes 18
2020/09/23 tes 19
2020/09/23 tes 20
2020/09/23 test 0
2020/09/23 test 1
2020/09/23 test 2
2020/09/23 test 3
2020/09/23 test 4
2020/09/23 test 5
2020/09/23 test 6
2020/09/23 test 7
2020/09/23 test 8
2020/09/23 test 9
2020/09/23 test 10
2020/09/23 test 11
2020/09/23 test 12
2020/09/23 test 13
2020/09/23 test 14
2020/09/23 test 15
2020/09/23 test 16
2020/09/23 test 17
2020/09/23 test 18
2020/09/23 test 19
2020/09/23 test 20
2020/09/23 t 0
2020/09/23 t 1
2020/09/23 t 2
2020/09/23 t 3
2020/09/23 t 4
2020/09/23 t 5
2020/09/23 t 6
2020/09/23 t 7
2020/09/23 t 8
2020/09/23 t 9
2020/09/23 t 10
2020/09/23 t 11
2020/09/23 t 12
2020/09/23 t 13
2020/09/23 t 14
2020/09/23 t 15
2020/09/23 t 16
2020/09/23 t 17
2020/09/23 t 18
2020/09/23 t 19
2020/09/23 t 20
2020/09/23 te 0
2020/09/23 te 1
2020/09/23 te 2
2020/09/23 te 3
2020/09/23 te 4
2020/09/23 te 5
2020/09/23 te 6
2020/09/23 te 7
2020/09/23 te 8
2020/09/23 te 9
2020/09/23 te 10
2020/09/23 te 11
2020/09/23 te 12
2020/09/23 te 13
2020/09/23 te 14
2020/09/23 te 15
2020/09/23 te 16
2020/09/23 te 17
2020/09/23 te 18
2020/09/23 te 19
2020/09/23 te 20
2020/09/23 tes 0
2020/09/23 tes 1
2020/09/23 tes 2
2020/09/23 tes 3
2020/09/23 tes 4
2020/09/23 tes 5
2020/09/23 tes 6
2020/09/23 tes 7
2020/09/23 tes 8
2020/09/23 tes 9
2020/09/23 tes 10
2020/09/23 tes 11
2020/09/23 tes 12
2020/09/23 tes 13
2020/09/23 tes 14
2020/09/23 tes 15
2020/09/23 tes 16
2020/09/23 tes 17
2020/09/23 tes 18
2020/09/23 tes 19
2020/09/23 tes 20
2020/09/23 test 0
2020/09/23 test 1
2020/09/23 test 2
2020/09/23 test 3
2020/09/23 test 4
2020/09/23 test 5
2020/09/23 test 6
2020/09/23 test 7
2020/09/23 test 8
2020/09/23 test 9
2020/09/23 test 10
2020/09/23 test 11
2020/09/23 test 12
2020/09/23 test 13
2020/09/23 test 14
2020/09/23 test 15
2020/09/23 test 16
2020/09/23 test 17
2020/09/23 test 18
2020/09/23 test 19
2020/09/23 test 20
2020/09/23 test 0
2020/09/23 test 1
2020/09/23 test 2
2020/09/23 test 3
2020/09/23 test 4
2020/09/23 test 5
2020/09/23 test 6
2020/09/23 test 7
2020/09/23 test 8
2020/09/23 test 9
2020/09/23 test 10
2020/09/23 test 11
2020/09/23 test 12
2020/09/23 test 13
2020/09/23 test 14
2020/09/23 test 15
2020/09/23 test 16
2020/09/23 test 17
2020/09/23 test 18
2020/09/23 test 19
2020/09/23 test 20
2020/09/23 test 2 0
2020/09/23 test 2 1
2020/09/23 test 2 2
2020/09/23 test 2 3
2020/09/23 test 2 4
2020/09/23 test 2 5
2020/09/23 test 2 6
2020/09/23 test 2 7
2020/09/23 test 2 8
2020/09/23 test 2 9
2020/09/23 test 2 10
2020/09/23 test 2 11
2020/09/23 test 2 12
2020/09/23 test 2 13
2020/09/23 test 2 14
2020/09/23 test 2 15
2020/09/23 test 2 16
2020/09/23 test 2 17
2020/09/23 test 2 18
2020/09/23 test 2 19
2020/09/23 test 2 20
2020/09/23 test 23 0
2020/09/23 test 23 1
2020/09/23 test 23 2
2020/09/23 test 23 3
2020/09/23 test 23 4
2020/09/23 test 23 5
2020/09/23 test 23 6
2020/09/23 test 23 7
2020/09/23 test 23 8
2020/09/23 test 23 9
2020/09/23 test 23 10
2020/09/23 test 23 11
2020/09/23 test 23 12
2020/09/23 test 23 13
2020/09/23 test 23 14
2020/09/23 test 23 15
2020/09/23 test 23 16
2020/09/23 test 23 17
2020/09/23 test 23 18
2020/09/23 test 23 19
2020/09/23 test 23 20
2020/09/23 test 23q 0
2020/09/23 test 23q 1
2020/09/23 test 23q 2
2020/09/23 test 23q 3
2020/09/23 test 23q 4
2020/09/23 test 23q 5
2020/09/23 test 23q 6
2020/09/23 test 23q 7
2020/09/23 test 23q 8
2020/09/23 test 23q 9
2020/09/23 test 23q 10
2020/09/23 test 23q 11
2020/09/23 test 23q 12
2020/09/23 test 23q 13
2020/09/23 test 23q 14
2020/09/23 test 23q 15
2020/09/23 test 23q 16
2020/09/23 test 23q 17
2020/09/23 test 23q 18
2020/09/23 test 23q 19
2020/09/23 test 23q 20
2020/09/23 test 23 0
2020/09/23 test 23 1
2020/09/23 test 23 2
2020/09/23 test 23 3
2020/09/23 test 23 4
2020/09/23 test 23 5
2020/09/23 test 23 6
2020/09/23 test 23 7
2020/09/23 test 23 8
2020/09/23 test 23 9
2020/09/23 test 23 10
2020/09/23 test 23 11
2020/09/23 test 23 12
2020/09/23 test 23 13
2020/09/23 test 23 14
2020/09/23 test 23 15
2020/09/23 test 23 16
2020/09/23 test 23 17
2020/09/23 test 23 18
2020/09/23 test 23 19
2020/09/23 test 23 20
2020/09/23 test 23\ 0
2020/09/23 test 23\ 1
2020/09/23 test 23\ 2
2020/09/23 test 23\ 3
2020/09/23 test 23\ 4
2020/09/23 test 23\ 5
2020/09/23 test 23\ 6
2020/09/23 test 23\ 7
2020/09/23 test 23\ 8
2020/09/23 test 23\ 9
2020/09/23 test 23\ 10
2020/09/23 test 23\ 11
2020/09/23 test 23\ 12
2020/09/23 test 23\ 13
2020/09/23 test 23\ 14
2020/09/23 test 23\ 15
2020/09/23 test 23\ 16
2020/09/23 test 23\ 17
2020/09/23 test 23\ 18
2020/09/23 test 23\ 19
2020/09/23 test 23\ 20
2020/09/23 test 23 0
2020/09/23 test 23 1
2020/09/23 test 23 2
2020/09/23 test 23 3
2020/09/23 test 23 4
2020/09/23 test 23 5
2020/09/23 test 23 6
2020/09/23 test 23 7
2020/09/23 test 23 8
2020/09/23 test 23 9
2020/09/23 test 23 10
2020/09/23 test 23 11
2020/09/23 test 23 12
2020/09/23 test 23 13
2020/09/23 test 23 14
2020/09/23 test 23 15
2020/09/23 test 23 16
2020/09/23 test 23 17
2020/09/23 test 23 18
2020/09/23 test 23 19
2020/09/23 test 23 20
2020/09/23 node n 21
